<?xml version="1.0" encoding="UTF-8"?>
<coverage generated="1552235694492" clover="3.2.0">
  <project timestamp="1552235694492" name="All files">
    <metrics statements="34" coveredstatements="33" conditionals="13" coveredconditionals="11" methods="9" coveredmethods="9" elements="56" coveredelements="53" complexity="0" loc="34" ncloc="34" packages="1" files="1" classes="1"/>
    <file name="index.ts" path="/Users/blairv/github/gist-embed/src/index.ts">
      <metrics statements="34" coveredstatements="33" conditionals="13" coveredconditionals="11" methods="9" coveredmethods="9"/>
      <line num="2" count="12" type="stmt"/>
      <line num="4" count="12" type="stmt"/>
      <line num="6" count="12" type="stmt"/>
      <line num="8" count="12" type="stmt"/>
      <line num="10" count="12" type="stmt"/>
      <line num="21" count="12" type="cond" truecount="1" falsecount="1"/>
      <line num="22" count="12" type="stmt"/>
      <line num="24" count="0" type="stmt"/>
      <line num="30" count="14" type="stmt"/>
      <line num="35" count="15" type="stmt"/>
      <line num="40" count="3" type="stmt"/>
      <line num="41" count="3" type="stmt"/>
      <line num="46" count="4" type="cond" truecount="2" falsecount="0"/>
      <line num="47" count="3" type="stmt"/>
      <line num="48" count="3" type="stmt"/>
      <line num="49" count="3" type="stmt"/>
      <line num="50" count="3" type="stmt"/>
      <line num="51" count="3" type="stmt"/>
      <line num="52" count="3" type="stmt"/>
      <line num="61" count="1" type="stmt"/>
      <line num="62" count="1" type="stmt"/>
      <line num="64" count="1" type="stmt"/>
      <line num="65" count="1" type="stmt"/>
      <line num="69" count="1" type="stmt"/>
      <line num="74" count="1" type="stmt"/>
      <line num="76" count="1" type="cond" truecount="3" falsecount="1"/>
      <line num="77" count="1" type="stmt"/>
      <line num="78" count="1" type="stmt"/>
      <line num="87" count="2" type="cond" truecount="5" falsecount="0"/>
      <line num="88" count="1" type="stmt"/>
      <line num="89" count="1" type="stmt"/>
      <line num="92" count="1" type="stmt"/>
      <line num="101" count="1" type="stmt"/>
      <line num="102" count="1" type="stmt"/>
    </file>
  </project>
</coverage>
