{"/Users/blairv/github/gist-embed/src/index.ts": {"path":"/Users/blairv/github/gist-embed/src/index.ts","statementMap":{"0":{"start":{"line":2,"column":36},"end":{"line":2,"column":45}},"1":{"start":{"line":4,"column":38},"end":{"line":4,"column":56}},"2":{"start":{"line":6,"column":38},"end":{"line":6,"column":39}},"3":{"start":{"line":8,"column":32},"end":{"line":8,"column":58}},"4":{"start":{"line":10,"column":39},"end":{"line":10,"column":53}},"5":{"start":{"line":21,"column":0},"end":{"line":25,"column":1}},"6":{"start":{"line":22,"column":2},"end":{"line":22,"column":9}},"7":{"start":{"line":24,"column":2},"end":{"line":24,"column":54}},"8":{"start":{"line":30,"column":2},"end":{"line":30,"column":79}},"9":{"start":{"line":35,"column":2},"end":{"line":35,"column":66}},"10":{"start":{"line":40,"column":2},"end":{"line":40,"column":28}},"11":{"start":{"line":41,"column":2},"end":{"line":41,"column":62}},"12":{"start":{"line":46,"column":2},"end":{"line":53,"column":3}},"13":{"start":{"line":47,"column":4},"end":{"line":47,"column":38}},"14":{"start":{"line":48,"column":19},"end":{"line":48,"column":49}},"15":{"start":{"line":49,"column":4},"end":{"line":49,"column":47}},"16":{"start":{"line":50,"column":4},"end":{"line":50,"column":44}},"17":{"start":{"line":51,"column":4},"end":{"line":51,"column":45}},"18":{"start":{"line":52,"column":4},"end":{"line":52,"column":38}},"19":{"start":{"line":61,"column":23},"end":{"line":61,"column":52}},"20":{"start":{"line":62,"column":2},"end":{"line":62,"column":34}},"21":{"start":{"line":64,"column":19},"end":{"line":64,"column":51}},"22":{"start":{"line":65,"column":2},"end":{"line":68,"column":4}},"23":{"start":{"line":69,"column":2},"end":{"line":69,"column":38}},"24":{"start":{"line":74,"column":17},"end":{"line":74,"column":65}},"25":{"start":{"line":76,"column":2},"end":{"line":80,"column":3}},"26":{"start":{"line":77,"column":4},"end":{"line":79,"column":7}},"27":{"start":{"line":78,"column":6},"end":{"line":78,"column":52}},"28":{"start":{"line":87,"column":2},"end":{"line":90,"column":3}},"29":{"start":{"line":88,"column":4},"end":{"line":88,"column":50}},"30":{"start":{"line":89,"column":4},"end":{"line":89,"column":11}},"31":{"start":{"line":92,"column":2},"end":{"line":92,"column":79}},"32":{"start":{"line":101,"column":2},"end":{"line":101,"column":39}},"33":{"start":{"line":102,"column":2},"end":{"line":102,"column":38}}},"fnMap":{"0":{"name":"init","decl":{"start":{"line":29,"column":9},"end":{"line":29,"column":13}},"loc":{"start":{"line":29,"column":16},"end":{"line":31,"column":1}},"line":29},"1":{"name":"getAllGistEmbedDOMNodes","decl":{"start":{"line":34,"column":9},"end":{"line":34,"column":32}},"loc":{"start":{"line":34,"column":45},"end":{"line":36,"column":1}},"line":34},"2":{"name":"generateJSONPCallbackPrefix","decl":{"start":{"line":39,"column":9},"end":{"line":39,"column":36}},"loc":{"start":{"line":39,"column":47},"end":{"line":42,"column":1}},"line":39},"3":{"name":"appendStylesheet","decl":{"start":{"line":45,"column":9},"end":{"line":45,"column":25}},"loc":{"start":{"line":45,"column":49},"end":{"line":54,"column":1}},"line":45},"4":{"name":"getJSONP","decl":{"start":{"line":57,"column":9},"end":{"line":57,"column":17}},"loc":{"start":{"line":60,"column":2},"end":{"line":70,"column":1}},"line":60},"5":{"name":"fetchJSONPForGistEmbedDOMNode","decl":{"start":{"line":73,"column":9},"end":{"line":73,"column":38}},"loc":{"start":{"line":73,"column":65},"end":{"line":81,"column":1}},"line":73},"6":{"name":"(anonymous_6)","decl":{"start":{"line":77,"column":21},"end":{"line":77,"column":22}},"loc":{"start":{"line":77,"column":58},"end":{"line":79,"column":5}},"line":77},"7":{"name":"handleGetJSONPResponse","decl":{"start":{"line":83,"column":9},"end":{"line":83,"column":31}},"loc":{"start":{"line":86,"column":2},"end":{"line":93,"column":1}},"line":86},"8":{"name":"updateDOMNodeWithGistContent","decl":{"start":{"line":96,"column":9},"end":{"line":96,"column":37}},"loc":{"start":{"line":100,"column":2},"end":{"line":103,"column":1}},"line":100}},"branchMap":{"0":{"loc":{"start":{"line":21,"column":0},"end":{"line":25,"column":1}},"type":"if","locations":[{"start":{"line":21,"column":0},"end":{"line":25,"column":1}},{"start":{"line":21,"column":0},"end":{"line":25,"column":1}}],"line":21},"1":{"loc":{"start":{"line":46,"column":2},"end":{"line":53,"column":3}},"type":"if","locations":[{"start":{"line":46,"column":2},"end":{"line":53,"column":3}},{"start":{"line":46,"column":2},"end":{"line":53,"column":3}}],"line":46},"2":{"loc":{"start":{"line":76,"column":2},"end":{"line":80,"column":3}},"type":"if","locations":[{"start":{"line":76,"column":2},"end":{"line":80,"column":3}},{"start":{"line":76,"column":2},"end":{"line":80,"column":3}}],"line":76},"3":{"loc":{"start":{"line":76,"column":6},"end":{"line":76,"column":37}},"type":"binary-expr","locations":[{"start":{"line":76,"column":6},"end":{"line":76,"column":20}},{"start":{"line":76,"column":24},"end":{"line":76,"column":37}}],"line":76},"4":{"loc":{"start":{"line":87,"column":2},"end":{"line":90,"column":3}},"type":"if","locations":[{"start":{"line":87,"column":2},"end":{"line":90,"column":3}},{"start":{"line":87,"column":2},"end":{"line":90,"column":3}}],"line":87},"5":{"loc":{"start":{"line":87,"column":6},"end":{"line":87,"column":77}},"type":"binary-expr","locations":[{"start":{"line":87,"column":6},"end":{"line":87,"column":22}},{"start":{"line":87,"column":26},"end":{"line":87,"column":46}},{"start":{"line":87,"column":50},"end":{"line":87,"column":77}}],"line":87}},"s":{"0":12,"1":12,"2":12,"3":12,"4":12,"5":12,"6":12,"7":0,"8":14,"9":15,"10":3,"11":3,"12":4,"13":3,"14":3,"15":3,"16":3,"17":3,"18":3,"19":1,"20":1,"21":1,"22":1,"23":1,"24":1,"25":1,"26":1,"27":1,"28":2,"29":1,"30":1,"31":1,"32":1,"33":1},"f":{"0":14,"1":15,"2":3,"3":4,"4":1,"5":1,"6":1,"7":2,"8":1},"b":{"0":[12,0],"1":[3,1],"2":[1,0],"3":[1,1],"4":[1,1],"5":[2,1,1]},"_coverageSchema":"43e27e138ebf9cfc5966b082cf9a028302ed4184","hash":"a7da88ba81b4df3a8491da04c12987201d45e0dc"}
}
