TN:
SF:/Users/blairv/github/gist-embed/src/index.ts
FN:29,init
FN:34,getAllGistEmbedDOMNodes
FN:39,generateJSONPCallbackPrefix
FN:45,appendStylesheet
FN:57,getJSONP
FN:73,fetchJSONPForGistEmbedDOMNode
FN:77,(anonymous_6)
FN:83,handleGetJSONPResponse
FN:96,updateDOMNodeWithGistContent
FNF:9
FNH:9
FNDA:14,init
FNDA:15,getAllGistEmbedDOMNodes
FNDA:3,generateJSONPCallbackPrefix
FNDA:4,appendStylesheet
FNDA:1,getJSONP
FNDA:1,fetchJSONPForGistEmbedDOMNode
FNDA:1,(anonymous_6)
FNDA:2,handleGetJSONPResponse
FNDA:1,updateDOMNodeWithGistContent
DA:2,12
DA:4,12
DA:6,12
DA:8,12
DA:10,12
DA:21,12
DA:22,12
DA:24,0
DA:30,14
DA:35,15
DA:40,3
DA:41,3
DA:46,4
DA:47,3
DA:48,3
DA:49,3
DA:50,3
DA:51,3
DA:52,3
DA:61,1
DA:62,1
DA:64,1
DA:65,1
DA:69,1
DA:74,1
DA:76,1
DA:77,1
DA:78,1
DA:87,2
DA:88,1
DA:89,1
DA:92,1
DA:101,1
DA:102,1
LF:34
LH:33
BRDA:21,0,0,12
BRDA:21,0,1,0
BRDA:46,1,0,3
BRDA:46,1,1,1
BRDA:76,2,0,1
BRDA:76,2,1,0
BRDA:76,3,0,1
BRDA:76,3,1,1
BRDA:87,4,0,1
BRDA:87,4,1,1
BRDA:87,5,0,2
BRDA:87,5,1,1
BRDA:87,5,2,1
BRF:13
BRH:11
end_of_record
